Determining if the pthread_create exist failed with the following output:
Change Dir: /home/towns/C++/slambook/joinMap/CMakeFiles/CMakeTmp

Run Build Command:"/usr/bin/make" "cmTC_1bbdb/fast"
/usr/bin/make -f CMakeFiles/cmTC_1bbdb.dir/build.make CMakeFiles/cmTC_1bbdb.dir/build
make[1]: Entering directory '/home/towns/C++/slambook/joinMap/CMakeFiles/CMakeTmp'
Building C object CMakeFiles/cmTC_1bbdb.dir/CheckSymbolExists.c.o
/usr/bin/cc     -o CMakeFiles/cmTC_1bbdb.dir/CheckSymbolExists.c.o   -c /home/towns/C++/slambook/joinMap/CMakeFiles/CMakeTmp/CheckSymbolExists.c
Linking C executable cmTC_1bbdb
/usr/bin/cmake -E cmake_link_script CMakeFiles/cmTC_1bbdb.dir/link.txt --verbose=1
/usr/bin/cc       CMakeFiles/cmTC_1bbdb.dir/CheckSymbolExists.c.o  -o cmTC_1bbdb -rdynamic 
CMakeFiles/cmTC_1bbdb.dir/CheckSymbolExists.c.o: In function `main':
CheckSymbolExists.c:(.text+0x16): undefined reference to `pthread_create'
collect2: error: ld returned 1 exit status
CMakeFiles/cmTC_1bbdb.dir/build.make:97: recipe for target 'cmTC_1bbdb' failed
make[1]: *** [cmTC_1bbdb] Error 1
make[1]: Leaving directory '/home/towns/C++/slambook/joinMap/CMakeFiles/CMakeTmp'
Makefile:126: recipe for target 'cmTC_1bbdb/fast' failed
make: *** [cmTC_1bbdb/fast] Error 2

File /home/towns/C++/slambook/joinMap/CMakeFiles/CMakeTmp/CheckSymbolExists.c:
/* */
#include <pthread.h>

int main(int argc, char** argv)
{
  (void)argv;
#ifndef pthread_create
  return ((int*)(&pthread_create))[argc];
#else
  (void)argc;
  return 0;
#endif
}

Determining if the function pthread_create exists in the pthreads failed with the following output:
Change Dir: /home/towns/C++/slambook/joinMap/CMakeFiles/CMakeTmp

Run Build Command:"/usr/bin/make" "cmTC_74e1f/fast"
/usr/bin/make -f CMakeFiles/cmTC_74e1f.dir/build.make CMakeFiles/cmTC_74e1f.dir/build
make[1]: Entering directory '/home/towns/C++/slambook/joinMap/CMakeFiles/CMakeTmp'
Building C object CMakeFiles/cmTC_74e1f.dir/CheckFunctionExists.c.o
/usr/bin/cc    -DCHECK_FUNCTION_EXISTS=pthread_create   -o CMakeFiles/cmTC_74e1f.dir/CheckFunctionExists.c.o   -c /usr/share/cmake-3.5/Modules/CheckFunctionExists.c
Linking C executable cmTC_74e1f
/usr/bin/cmake -E cmake_link_script CMakeFiles/cmTC_74e1f.dir/link.txt --verbose=1
/usr/bin/cc   -DCHECK_FUNCTION_EXISTS=pthread_create    CMakeFiles/cmTC_74e1f.dir/CheckFunctionExists.c.o  -o cmTC_74e1f -rdynamic -lpthreads 
/usr/bin/ld: cannot find -lpthreads
collect2: error: ld returned 1 exit status
CMakeFiles/cmTC_74e1f.dir/build.make:97: recipe for target 'cmTC_74e1f' failed
make[1]: *** [cmTC_74e1f] Error 1
make[1]: Leaving directory '/home/towns/C++/slambook/joinMap/CMakeFiles/CMakeTmp'
Makefile:126: recipe for target 'cmTC_74e1f/fast' failed
make: *** [cmTC_74e1f/fast] Error 2


