Determining if the pthread_create exist failed with the following output:
Change Dir: /home/towns/C++/slambook/ceres_curve_fitting/build/CMakeFiles/CMakeTmp

Run Build Command:"/usr/bin/make" "cmTC_792e3/fast"
/usr/bin/make -f CMakeFiles/cmTC_792e3.dir/build.make CMakeFiles/cmTC_792e3.dir/build
make[1]: Entering directory '/home/towns/C++/slambook/ceres_curve_fitting/build/CMakeFiles/CMakeTmp'
Building C object CMakeFiles/cmTC_792e3.dir/CheckSymbolExists.c.o
/usr/bin/cc     -o CMakeFiles/cmTC_792e3.dir/CheckSymbolExists.c.o   -c /home/towns/C++/slambook/ceres_curve_fitting/build/CMakeFiles/CMakeTmp/CheckSymbolExists.c
Linking C executable cmTC_792e3
/usr/bin/cmake -E cmake_link_script CMakeFiles/cmTC_792e3.dir/link.txt --verbose=1
/usr/bin/cc       CMakeFiles/cmTC_792e3.dir/CheckSymbolExists.c.o  -o cmTC_792e3 -rdynamic 
CMakeFiles/cmTC_792e3.dir/CheckSymbolExists.c.o: In function `main':
CheckSymbolExists.c:(.text+0x16): undefined reference to `pthread_create'
collect2: error: ld returned 1 exit status
CMakeFiles/cmTC_792e3.dir/build.make:97: recipe for target 'cmTC_792e3' failed
make[1]: *** [cmTC_792e3] Error 1
make[1]: Leaving directory '/home/towns/C++/slambook/ceres_curve_fitting/build/CMakeFiles/CMakeTmp'
Makefile:126: recipe for target 'cmTC_792e3/fast' failed
make: *** [cmTC_792e3/fast] Error 2

File /home/towns/C++/slambook/ceres_curve_fitting/build/CMakeFiles/CMakeTmp/CheckSymbolExists.c:
/* */
#include <pthread.h>

int main(int argc, char** argv)
{
  (void)argv;
#ifndef pthread_create
  return ((int*)(&pthread_create))[argc];
#else
  (void)argc;
  return 0;
#endif
}

Determining if the function pthread_create exists in the pthreads failed with the following output:
Change Dir: /home/towns/C++/slambook/ceres_curve_fitting/build/CMakeFiles/CMakeTmp

Run Build Command:"/usr/bin/make" "cmTC_7fba7/fast"
/usr/bin/make -f CMakeFiles/cmTC_7fba7.dir/build.make CMakeFiles/cmTC_7fba7.dir/build
make[1]: Entering directory '/home/towns/C++/slambook/ceres_curve_fitting/build/CMakeFiles/CMakeTmp'
Building C object CMakeFiles/cmTC_7fba7.dir/CheckFunctionExists.c.o
/usr/bin/cc    -DCHECK_FUNCTION_EXISTS=pthread_create   -o CMakeFiles/cmTC_7fba7.dir/CheckFunctionExists.c.o   -c /usr/share/cmake-3.5/Modules/CheckFunctionExists.c
Linking C executable cmTC_7fba7
/usr/bin/cmake -E cmake_link_script CMakeFiles/cmTC_7fba7.dir/link.txt --verbose=1
/usr/bin/cc   -DCHECK_FUNCTION_EXISTS=pthread_create    CMakeFiles/cmTC_7fba7.dir/CheckFunctionExists.c.o  -o cmTC_7fba7 -rdynamic -lpthreads 
/usr/bin/ld: cannot find -lpthreads
collect2: error: ld returned 1 exit status
CMakeFiles/cmTC_7fba7.dir/build.make:97: recipe for target 'cmTC_7fba7' failed
make[1]: *** [cmTC_7fba7] Error 1
make[1]: Leaving directory '/home/towns/C++/slambook/ceres_curve_fitting/build/CMakeFiles/CMakeTmp'
Makefile:126: recipe for target 'cmTC_7fba7/fast' failed
make: *** [cmTC_7fba7/fast] Error 2


