Performing C SOURCE FILE Test CMAKE_HAVE_LIBC_PTHREAD failed with the following output:
Change Dir: /home/towns/C++/slambook/ch13_Mpping/dense_RGBD/build/CMakeFiles/CMakeTmp

Run Build Command(s):/home/towns/anaconda3/bin/ninja cmTC_76611 && [1/2] Building C object CMakeFiles/cmTC_76611.dir/src.c.o
[2/2] Linking C executable cmTC_76611
FAILED: cmTC_76611 
: && /usr/bin/gcc-5 -DCMAKE_HAVE_LIBC_PTHREAD -rdynamic CMakeFiles/cmTC_76611.dir/src.c.o -o cmTC_76611   && :
CMakeFiles/cmTC_76611.dir/src.c.o: In function `main':
src.c:(.text+0x3c): undefined reference to `pthread_create'
src.c:(.text+0x48): undefined reference to `pthread_detach'
src.c:(.text+0x54): undefined reference to `pthread_cancel'
src.c:(.text+0x65): undefined reference to `pthread_join'
src.c:(.text+0x79): undefined reference to `pthread_atfork'
collect2: error: ld returned 1 exit status
ninja: build stopped: subcommand failed.


Source file was:
#include <pthread.h>

void* test_func(void* data)
{
  return data;
}

int main(void)
{
  pthread_t thread;
  pthread_create(&thread, NULL, test_func, NULL);
  pthread_detach(thread);
  pthread_cancel(thread);
  pthread_join(thread, NULL);
  pthread_atfork(NULL, NULL, NULL);
  pthread_exit(NULL);

  return 0;
}

Determining if the function pthread_create exists in the pthreads failed with the following output:
Change Dir: /home/towns/C++/slambook/ch13_Mpping/dense_RGBD/build/CMakeFiles/CMakeTmp

Run Build Command(s):/home/towns/anaconda3/bin/ninja cmTC_af80c && [1/2] Building C object CMakeFiles/cmTC_af80c.dir/CheckFunctionExists.c.o
[2/2] Linking C executable cmTC_af80c
FAILED: cmTC_af80c 
: && /usr/bin/gcc-5 -DCHECK_FUNCTION_EXISTS=pthread_create -rdynamic CMakeFiles/cmTC_af80c.dir/CheckFunctionExists.c.o -o cmTC_af80c  -lpthreads && :
/usr/bin/ld: cannot find -lpthreads
collect2: error: ld returned 1 exit status
ninja: build stopped: subcommand failed.



