Determining if the pthread_create exist failed with the following output:
Change Dir: /home/towns/C++/slambook/ch11_back_end_2/build/CMakeFiles/CMakeTmp

Run Build Command:"/home/towns/anaconda3/bin/ninja" "cmTC_031fc"
[1/2] Building C object CMakeFiles/cmTC_031fc.dir/CheckSymbolExists.c.o
[2/2] Linking C executable cmTC_031fc
FAILED: cmTC_031fc 
: && /usr/bin/gcc-5     CMakeFiles/cmTC_031fc.dir/CheckSymbolExists.c.o  -o cmTC_031fc  -rdynamic && :
CMakeFiles/cmTC_031fc.dir/CheckSymbolExists.c.o: In function `main':
CheckSymbolExists.c:(.text+0x16): undefined reference to `pthread_create'
collect2: error: ld returned 1 exit status
ninja: build stopped: subcommand failed.

File /home/towns/C++/slambook/ch11_back_end_2/build/CMakeFiles/CMakeTmp/CheckSymbolExists.c:
/* */
#include <pthread.h>

int main(int argc, char** argv)
{
  (void)argv;
#ifndef pthread_create
  return ((int*)(&pthread_create))[argc];
#else
  (void)argc;
  return 0;
#endif
}

Determining if the function pthread_create exists in the pthreads failed with the following output:
Change Dir: /home/towns/C++/slambook/ch11_back_end_2/build/CMakeFiles/CMakeTmp

Run Build Command:"/home/towns/anaconda3/bin/ninja" "cmTC_dbba0"
[1/2] Building C object CMakeFiles/cmTC_dbba0.dir/CheckFunctionExists.c.o
[2/2] Linking C executable cmTC_dbba0
FAILED: cmTC_dbba0 
: && /usr/bin/gcc-5  -DCHECK_FUNCTION_EXISTS=pthread_create   CMakeFiles/cmTC_dbba0.dir/CheckFunctionExists.c.o  -o cmTC_dbba0  -rdynamic -lpthreads && :
/usr/bin/ld: cannot find -lpthreads
collect2: error: ld returned 1 exit status
ninja: build stopped: subcommand failed.


